[0.062s] Invoking command in '/home/curdin/franka_ros2_ws/src/franka_ros2/franka_example_controllers/build/franka_example_controllers': CMAKE_PREFIX_PATH=/opt/ros/humble /usr/bin/cmake /home/curdin/franka_ros2_ws/src/franka_ros2/franka_example_controllers -DCMAKE_INSTALL_PREFIX=/home/curdin/franka_ros2_ws/src/franka_ros2/franka_example_controllers/install/franka_example_controllers
[0.161s] -- The C compiler identification is GNU 11.4.0
[0.252s] -- The CXX compiler identification is GNU 11.4.0
[0.266s] -- Detecting C compiler ABI info
[0.352s] -- Detecting C compiler ABI info - done
[0.362s] -- Check for working C compiler: /usr/bin/cc - skipped
[0.363s] -- Detecting C compile features
[0.363s] -- Detecting C compile features - done
[0.368s] -- Detecting CXX compiler ABI info
[0.463s] -- Detecting CXX compiler ABI info - done
[0.474s] -- Check for working CXX compiler: /usr/bin/c++ - skipped
[0.474s] -- Detecting CXX compile features
[0.475s] -- Detecting CXX compile features - done
[0.484s] -- Found ament_cmake: 1.3.5 (/opt/ros/humble/share/ament_cmake/cmake)
[0.718s] -- Found Python3: /usr/bin/python3.10 (found version "3.10.12") found components: Interpreter 
[0.846s] -- Found rclcpp: 16.0.6 (/opt/ros/humble/share/rclcpp/cmake)
[0.933s] -- Found rosidl_generator_c: 3.1.5 (/opt/ros/humble/share/rosidl_generator_c/cmake)
[0.941s] -- Found rosidl_adapter: 3.1.5 (/opt/ros/humble/share/rosidl_adapter/cmake)
[0.959s] -- Found rosidl_generator_cpp: 3.1.5 (/opt/ros/humble/share/rosidl_generator_cpp/cmake)
[0.984s] -- Using all available rosidl_typesupport_c: rosidl_typesupport_fastrtps_c;rosidl_typesupport_introspection_c
[1.019s] -- Using all available rosidl_typesupport_cpp: rosidl_typesupport_fastrtps_cpp;rosidl_typesupport_introspection_cpp
[1.129s] -- Found rmw_implementation_cmake: 6.1.1 (/opt/ros/humble/share/rmw_implementation_cmake/cmake)
[1.133s] -- Found rmw_fastrtps_cpp: 6.2.4 (/opt/ros/humble/share/rmw_fastrtps_cpp/cmake)
[1.272s] -- Found OpenSSL: /usr/lib/x86_64-linux-gnu/libcrypto.so (found version "3.0.2")  
[1.309s] -- Found FastRTPS: /opt/ros/humble/include  
[1.369s] -- Using RMW implementation 'rmw_fastrtps_cpp' as default
[1.384s] -- Looking for pthread.h
[1.469s] -- Looking for pthread.h - found
[1.470s] -- Performing Test CMAKE_HAVE_LIBC_PTHREAD
[1.558s] -- Performing Test CMAKE_HAVE_LIBC_PTHREAD - Success
[1.559s] -- Found Threads: TRUE  
[1.803s] -- Found controller_interface: 2.32.0 (/opt/ros/humble/share/controller_interface/cmake)
[2.793s] [31mCMake Error at CMakeLists.txt:23 (find_package):
[2.794s]   By not providing "Findfranka_msgs.cmake" in CMAKE_MODULE_PATH this project
[2.794s]   has asked CMake to find a package configuration file provided by
[2.794s]   "franka_msgs", but CMake did not find one.
[2.794s] 
[2.794s]   Could not find a package configuration file provided by "franka_msgs" with
[2.794s]   any of the following names:
[2.794s] 
[2.794s]     franka_msgsConfig.cmake
[2.794s]     franka_msgs-config.cmake
[2.794s] 
[2.794s]   Add the installation prefix of "franka_msgs" to CMAKE_PREFIX_PATH or set
[2.794s]   "franka_msgs_DIR" to a directory containing one of the above files.  If
[2.794s]   "franka_msgs" provides a separate development package or SDK, be sure it
[2.794s]   has been installed.
[2.794s] 
[2.794s] [0m
[2.794s] -- Configuring incomplete, errors occurred!
[2.794s] See also "/home/curdin/franka_ros2_ws/src/franka_ros2/franka_example_controllers/build/franka_example_controllers/CMakeFiles/CMakeOutput.log".
[2.804s] Invoked command in '/home/curdin/franka_ros2_ws/src/franka_ros2/franka_example_controllers/build/franka_example_controllers' returned '1': CMAKE_PREFIX_PATH=/opt/ros/humble /usr/bin/cmake /home/curdin/franka_ros2_ws/src/franka_ros2/franka_example_controllers -DCMAKE_INSTALL_PREFIX=/home/curdin/franka_ros2_ws/src/franka_ros2/franka_example_controllers/install/franka_example_controllers
